<?xml version="1.0" encoding="utf-8"?><testsuites><testsuite name="pytest" errors="0" failures="1" skipped="0" tests="13" time="6.804" timestamp="2025-05-26T23:12:41.720218+00:00" hostname="033f4a161662"><testcase classname="tests.test_pages" name="test_root" time="0.458" /><testcase classname="tests.test_pages" name="test_index" time="0.064" /><testcase classname="tests.test_pages" name="test_category_endpoint" time="0.037" /><testcase classname="tests.test_pages" name="test_pypi_check" time="0.032" /><testcase classname="tests.test_pages" name="test_pypi_index" time="0.489" /><testcase classname="tests.test_pages" name="test_posts" time="0.031" /><testcase classname="tests.test_pages" name="test_posts_pagination" time="0.110" /><testcase classname="tests.test_pages" name="test_weblinks" time="0.065" /><testcase classname="tests.test_pages" name="test_about" time="0.538" /><testcase classname="tests.test_pages" name="test_data" time="0.035" /><testcase classname="tests.test_post" name="test_get_posts" time="0.024" /><testcase classname="tests.test_post" name="test_edit_post" time="0.160"><failure message="httpx.TooManyRedirects: Exceeded maximum allowed redirects.">tests/test_post.py:51: in test_edit_post
    response = test_client.post(f"/posts/edit/{post_id}", data=post_data)
/home/vscode/.local/lib/python3.12/site-packages/starlette/testclient.py:538: in post
    return super().post(
/home/vscode/.local/lib/python3.12/site-packages/httpx/_client.py:1144: in post
    return self.request(
/home/vscode/.local/lib/python3.12/site-packages/starlette/testclient.py:437: in request
    return super().request(
/home/vscode/.local/lib/python3.12/site-packages/httpx/_client.py:825: in request
    return self.send(request, auth=auth, follow_redirects=follow_redirects)
/home/vscode/.local/lib/python3.12/site-packages/httpx/_client.py:914: in send
    response = self._send_handling_auth(
/home/vscode/.local/lib/python3.12/site-packages/httpx/_client.py:942: in _send_handling_auth
    response = self._send_handling_redirects(
/home/vscode/.local/lib/python3.12/site-packages/httpx/_client.py:972: in _send_handling_redirects
    raise TooManyRedirects(
E   httpx.TooManyRedirects: Exceeded maximum allowed redirects.</failure></testcase><testcase classname="tests.test_users" name="test_login" time="0.047" /></testsuite></testsuites>