<?xml version="1.0" encoding="utf-8"?><testsuites><testsuite name="pytest" errors="0" failures="1" skipped="0" tests="13" time="10.031" timestamp="2025-02-01T21:10:55.468399+00:00" hostname="abdd2bb48cd2"><testcase classname="tests.test_pages" name="test_root" time="0.619" /><testcase classname="tests.test_pages" name="test_index" time="0.095" /><testcase classname="tests.test_pages" name="test_category_endpoint" time="0.050" /><testcase classname="tests.test_pages" name="test_pypi_check" time="0.043" /><testcase classname="tests.test_pages" name="test_pypi_index" time="0.790" /><testcase classname="tests.test_pages" name="test_posts" time="0.043" /><testcase classname="tests.test_pages" name="test_posts_pagination" time="0.161" /><testcase classname="tests.test_pages" name="test_weblinks" time="0.099" /><testcase classname="tests.test_pages" name="test_about" time="0.600" /><testcase classname="tests.test_pages" name="test_data" time="0.049" /><testcase classname="tests.test_post" name="test_get_posts" time="0.033" /><testcase classname="tests.test_post" name="test_edit_post" time="0.253"><failure message="httpx.TooManyRedirects: Exceeded maximum allowed redirects.">tests/test_post.py:51: in test_edit_post
    response = test_client.post(f"/posts/edit/{post_id}", data=post_data)
/home/vscode/.local/lib/python3.12/site-packages/starlette/testclient.py:593: in post
    return super().post(
/home/vscode/.local/lib/python3.12/site-packages/httpx/_client.py:1144: in post
    return self.request(
/home/vscode/.local/lib/python3.12/site-packages/starlette/testclient.py:484: in request
    return super().request(
/home/vscode/.local/lib/python3.12/site-packages/httpx/_client.py:825: in request
    return self.send(request, auth=auth, follow_redirects=follow_redirects)
/home/vscode/.local/lib/python3.12/site-packages/httpx/_client.py:914: in send
    response = self._send_handling_auth(
/home/vscode/.local/lib/python3.12/site-packages/httpx/_client.py:942: in _send_handling_auth
    response = self._send_handling_redirects(
/home/vscode/.local/lib/python3.12/site-packages/httpx/_client.py:972: in _send_handling_redirects
    raise TooManyRedirects(
E   httpx.TooManyRedirects: Exceeded maximum allowed redirects.</failure></testcase><testcase classname="tests.test_users" name="test_login" time="0.063" /></testsuite></testsuites>